running egg_info
creating build/triFlameX_ros2_pkg/triFlameX_ros2_pkg.egg-info
writing build/triFlameX_ros2_pkg/triFlameX_ros2_pkg.egg-info/PKG-INFO
writing dependency_links to build/triFlameX_ros2_pkg/triFlameX_ros2_pkg.egg-info/dependency_links.txt
writing entry points to build/triFlameX_ros2_pkg/triFlameX_ros2_pkg.egg-info/entry_points.txt
writing requirements to build/triFlameX_ros2_pkg/triFlameX_ros2_pkg.egg-info/requires.txt
writing top-level names to build/triFlameX_ros2_pkg/triFlameX_ros2_pkg.egg-info/top_level.txt
writing manifest file 'build/triFlameX_ros2_pkg/triFlameX_ros2_pkg.egg-info/SOURCES.txt'
reading manifest file 'build/triFlameX_ros2_pkg/triFlameX_ros2_pkg.egg-info/SOURCES.txt'
writing manifest file 'build/triFlameX_ros2_pkg/triFlameX_ros2_pkg.egg-info/SOURCES.txt'
running build
running build_py
creating /home/mohammedazab/myRepo/TriFlameX/firmware/laptop_mainBrain/triFlameX_ros2_pkg/build/triFlameX_ros2_pkg/build
creating /home/mohammedazab/myRepo/TriFlameX/firmware/laptop_mainBrain/triFlameX_ros2_pkg/build/triFlameX_ros2_pkg/build/lib
creating /home/mohammedazab/myRepo/TriFlameX/firmware/laptop_mainBrain/triFlameX_ros2_pkg/build/triFlameX_ros2_pkg/build/lib/src
copying src/joy_to_cmd_node.py -> /home/mohammedazab/myRepo/TriFlameX/firmware/laptop_mainBrain/triFlameX_ros2_pkg/build/triFlameX_ros2_pkg/build/lib/src
copying src/__init__.py -> /home/mohammedazab/myRepo/TriFlameX/firmware/laptop_mainBrain/triFlameX_ros2_pkg/build/triFlameX_ros2_pkg/build/lib/src
running install
running install_lib
creating /home/mohammedazab/myRepo/TriFlameX/firmware/laptop_mainBrain/triFlameX_ros2_pkg/install/triFlameX_ros2_pkg/lib/python3.10/site-packages/src
copying /home/mohammedazab/myRepo/TriFlameX/firmware/laptop_mainBrain/triFlameX_ros2_pkg/build/triFlameX_ros2_pkg/build/lib/src/joy_to_cmd_node.py -> /home/mohammedazab/myRepo/TriFlameX/firmware/laptop_mainBrain/triFlameX_ros2_pkg/install/triFlameX_ros2_pkg/lib/python3.10/site-packages/src
copying /home/mohammedazab/myRepo/TriFlameX/firmware/laptop_mainBrain/triFlameX_ros2_pkg/build/triFlameX_ros2_pkg/build/lib/src/__init__.py -> /home/mohammedazab/myRepo/TriFlameX/firmware/laptop_mainBrain/triFlameX_ros2_pkg/install/triFlameX_ros2_pkg/lib/python3.10/site-packages/src
byte-compiling /home/mohammedazab/myRepo/TriFlameX/firmware/laptop_mainBrain/triFlameX_ros2_pkg/install/triFlameX_ros2_pkg/lib/python3.10/site-packages/src/joy_to_cmd_node.py to joy_to_cmd_node.cpython-310.pyc
byte-compiling /home/mohammedazab/myRepo/TriFlameX/firmware/laptop_mainBrain/triFlameX_ros2_pkg/install/triFlameX_ros2_pkg/lib/python3.10/site-packages/src/__init__.py to __init__.cpython-310.pyc
running install_data
creating /home/mohammedazab/myRepo/TriFlameX/firmware/laptop_mainBrain/triFlameX_ros2_pkg/install/triFlameX_ros2_pkg/share/ament_index
creating /home/mohammedazab/myRepo/TriFlameX/firmware/laptop_mainBrain/triFlameX_ros2_pkg/install/triFlameX_ros2_pkg/share/ament_index/resource_index
creating /home/mohammedazab/myRepo/TriFlameX/firmware/laptop_mainBrain/triFlameX_ros2_pkg/install/triFlameX_ros2_pkg/share/ament_index/resource_index/packages
copying resource/triFlameX_ros2_pkg -> /home/mohammedazab/myRepo/TriFlameX/firmware/laptop_mainBrain/triFlameX_ros2_pkg/install/triFlameX_ros2_pkg/share/ament_index/resource_index/packages
copying package.xml -> /home/mohammedazab/myRepo/TriFlameX/firmware/laptop_mainBrain/triFlameX_ros2_pkg/install/triFlameX_ros2_pkg/share/triFlameX_ros2_pkg
running install_egg_info
Copying build/triFlameX_ros2_pkg/triFlameX_ros2_pkg.egg-info to /home/mohammedazab/myRepo/TriFlameX/firmware/laptop_mainBrain/triFlameX_ros2_pkg/install/triFlameX_ros2_pkg/lib/python3.10/site-packages/triFlameX_ros2_pkg-0.0.0-py3.10.egg-info
running install_scripts
Installing joyToCmdNode script to /home/mohammedazab/myRepo/TriFlameX/firmware/laptop_mainBrain/triFlameX_ros2_pkg/install/triFlameX_ros2_pkg/lib/triFlameX_ros2_pkg
writing list of installed files to '/home/mohammedazab/myRepo/TriFlameX/firmware/laptop_mainBrain/triFlameX_ros2_pkg/build/triFlameX_ros2_pkg/install.log'
