running egg_info
creating ../build/triflamex_ros2_pkg/triflamex_ros2_pkg.egg-info
writing ../build/triflamex_ros2_pkg/triflamex_ros2_pkg.egg-info/PKG-INFO
writing dependency_links to ../build/triflamex_ros2_pkg/triflamex_ros2_pkg.egg-info/dependency_links.txt
writing entry points to ../build/triflamex_ros2_pkg/triflamex_ros2_pkg.egg-info/entry_points.txt
writing requirements to ../build/triflamex_ros2_pkg/triflamex_ros2_pkg.egg-info/requires.txt
writing top-level names to ../build/triflamex_ros2_pkg/triflamex_ros2_pkg.egg-info/top_level.txt
writing manifest file '../build/triflamex_ros2_pkg/triflamex_ros2_pkg.egg-info/SOURCES.txt'
reading manifest file '../build/triflamex_ros2_pkg/triflamex_ros2_pkg.egg-info/SOURCES.txt'
writing manifest file '../build/triflamex_ros2_pkg/triflamex_ros2_pkg.egg-info/SOURCES.txt'
running build
running build_py
creating /home/mohammedazab/myRepo/TriFlameX/firmware/laptop_mainBrain/build/triflamex_ros2_pkg/build
creating /home/mohammedazab/myRepo/TriFlameX/firmware/laptop_mainBrain/build/triflamex_ros2_pkg/build/lib
creating /home/mohammedazab/myRepo/TriFlameX/firmware/laptop_mainBrain/build/triflamex_ros2_pkg/build/lib/triflamex_ros2_pkg
copying triflamex_ros2_pkg/joy_to_cmd_node.py -> /home/mohammedazab/myRepo/TriFlameX/firmware/laptop_mainBrain/build/triflamex_ros2_pkg/build/lib/triflamex_ros2_pkg
copying triflamex_ros2_pkg/UTIL.py -> /home/mohammedazab/myRepo/TriFlameX/firmware/laptop_mainBrain/build/triflamex_ros2_pkg/build/lib/triflamex_ros2_pkg
copying triflamex_ros2_pkg/__init__.py -> /home/mohammedazab/myRepo/TriFlameX/firmware/laptop_mainBrain/build/triflamex_ros2_pkg/build/lib/triflamex_ros2_pkg
running install
running install_lib
creating /home/mohammedazab/myRepo/TriFlameX/firmware/laptop_mainBrain/install/triflamex_ros2_pkg/lib/python3.10/site-packages/triflamex_ros2_pkg
copying /home/mohammedazab/myRepo/TriFlameX/firmware/laptop_mainBrain/build/triflamex_ros2_pkg/build/lib/triflamex_ros2_pkg/joy_to_cmd_node.py -> /home/mohammedazab/myRepo/TriFlameX/firmware/laptop_mainBrain/install/triflamex_ros2_pkg/lib/python3.10/site-packages/triflamex_ros2_pkg
copying /home/mohammedazab/myRepo/TriFlameX/firmware/laptop_mainBrain/build/triflamex_ros2_pkg/build/lib/triflamex_ros2_pkg/UTIL.py -> /home/mohammedazab/myRepo/TriFlameX/firmware/laptop_mainBrain/install/triflamex_ros2_pkg/lib/python3.10/site-packages/triflamex_ros2_pkg
copying /home/mohammedazab/myRepo/TriFlameX/firmware/laptop_mainBrain/build/triflamex_ros2_pkg/build/lib/triflamex_ros2_pkg/__init__.py -> /home/mohammedazab/myRepo/TriFlameX/firmware/laptop_mainBrain/install/triflamex_ros2_pkg/lib/python3.10/site-packages/triflamex_ros2_pkg
byte-compiling /home/mohammedazab/myRepo/TriFlameX/firmware/laptop_mainBrain/install/triflamex_ros2_pkg/lib/python3.10/site-packages/triflamex_ros2_pkg/joy_to_cmd_node.py to joy_to_cmd_node.cpython-310.pyc
byte-compiling /home/mohammedazab/myRepo/TriFlameX/firmware/laptop_mainBrain/install/triflamex_ros2_pkg/lib/python3.10/site-packages/triflamex_ros2_pkg/UTIL.py to UTIL.cpython-310.pyc
byte-compiling /home/mohammedazab/myRepo/TriFlameX/firmware/laptop_mainBrain/install/triflamex_ros2_pkg/lib/python3.10/site-packages/triflamex_ros2_pkg/__init__.py to __init__.cpython-310.pyc
running install_data
error: can't copy 'resource/triflamex_ros2_pkg': doesn't exist or not a regular file
creating /home/mohammedazab/myRepo/TriFlameX/firmware/laptop_mainBrain/install/triflamex_ros2_pkg/share/ament_index
creating /home/mohammedazab/myRepo/TriFlameX/firmware/laptop_mainBrain/install/triflamex_ros2_pkg/share/ament_index/resource_index
creating /home/mohammedazab/myRepo/TriFlameX/firmware/laptop_mainBrain/install/triflamex_ros2_pkg/share/ament_index/resource_index/packages
