[0.408s] Invoking command in '/home/mohammedazab/myRepo/TriFlameX/firmware/laptop_mainBrain/triflamex_ros2_pkg': PYTHONPATH=/home/mohammedazab/myRepo/TriFlameX/firmware/laptop_mainBrain/triflamex_ros2_pkg/build/triflamex_ros2_pkg/prefix_override:/usr/lib/python3/dist-packages/colcon_core/task/python/colcon_distutils_commands:/home/mohammedazab/myRepo/TriFlameX/firmware/laptop_mainBrain/triflamex_ros2_pkg/install/triflamex_ros2_pkg/lib/python3.10/site-packages:${PYTHONPATH} VIRTUAL_ENV_PROMPT=(.venv) /usr/bin/python3 -W ignore:setup.py install is deprecated -W ignore:easy_install command is deprecated setup.py egg_info --egg-base build/triflamex_ros2_pkg build --build-base /home/mohammedazab/myRepo/TriFlameX/firmware/laptop_mainBrain/triflamex_ros2_pkg/build/triflamex_ros2_pkg/build install --record /home/mohammedazab/myRepo/TriFlameX/firmware/laptop_mainBrain/triflamex_ros2_pkg/build/triflamex_ros2_pkg/install.log --single-version-externally-managed install_data
[0.569s] running egg_info
[0.570s] writing build/triflamex_ros2_pkg/triflamex_ros2_pkg.egg-info/PKG-INFO
[0.570s] writing dependency_links to build/triflamex_ros2_pkg/triflamex_ros2_pkg.egg-info/dependency_links.txt
[0.570s] writing entry points to build/triflamex_ros2_pkg/triflamex_ros2_pkg.egg-info/entry_points.txt
[0.570s] writing requirements to build/triflamex_ros2_pkg/triflamex_ros2_pkg.egg-info/requires.txt
[0.570s] writing top-level names to build/triflamex_ros2_pkg/triflamex_ros2_pkg.egg-info/top_level.txt
[0.571s] reading manifest file 'build/triflamex_ros2_pkg/triflamex_ros2_pkg.egg-info/SOURCES.txt'
[0.571s] writing manifest file 'build/triflamex_ros2_pkg/triflamex_ros2_pkg.egg-info/SOURCES.txt'
[0.572s] running build
[0.572s] running build_py
[0.572s] running install
[0.572s] running install_lib
[0.573s] running install_data
[0.573s] running install_egg_info
[0.574s] removing '/home/mohammedazab/myRepo/TriFlameX/firmware/laptop_mainBrain/triflamex_ros2_pkg/install/triflamex_ros2_pkg/lib/python3.10/site-packages/triflamex_ros2_pkg-0.0.0-py3.10.egg-info' (and everything under it)
[0.575s] Copying build/triflamex_ros2_pkg/triflamex_ros2_pkg.egg-info to /home/mohammedazab/myRepo/TriFlameX/firmware/laptop_mainBrain/triflamex_ros2_pkg/install/triflamex_ros2_pkg/lib/python3.10/site-packages/triflamex_ros2_pkg-0.0.0-py3.10.egg-info
[0.575s] running install_scripts
[0.589s] Installing joyToCmdNode script to /home/mohammedazab/myRepo/TriFlameX/firmware/laptop_mainBrain/triflamex_ros2_pkg/install/triflamex_ros2_pkg/lib/triflamex_ros2_pkg
[0.589s] writing list of installed files to '/home/mohammedazab/myRepo/TriFlameX/firmware/laptop_mainBrain/triflamex_ros2_pkg/build/triflamex_ros2_pkg/install.log'
[0.605s] Invoked command in '/home/mohammedazab/myRepo/TriFlameX/firmware/laptop_mainBrain/triflamex_ros2_pkg' returned '0': PYTHONPATH=/home/mohammedazab/myRepo/TriFlameX/firmware/laptop_mainBrain/triflamex_ros2_pkg/build/triflamex_ros2_pkg/prefix_override:/usr/lib/python3/dist-packages/colcon_core/task/python/colcon_distutils_commands:/home/mohammedazab/myRepo/TriFlameX/firmware/laptop_mainBrain/triflamex_ros2_pkg/install/triflamex_ros2_pkg/lib/python3.10/site-packages:${PYTHONPATH} VIRTUAL_ENV_PROMPT=(.venv) /usr/bin/python3 -W ignore:setup.py install is deprecated -W ignore:easy_install command is deprecated setup.py egg_info --egg-base build/triflamex_ros2_pkg build --build-base /home/mohammedazab/myRepo/TriFlameX/firmware/laptop_mainBrain/triflamex_ros2_pkg/build/triflamex_ros2_pkg/build install --record /home/mohammedazab/myRepo/TriFlameX/firmware/laptop_mainBrain/triflamex_ros2_pkg/build/triflamex_ros2_pkg/install.log --single-version-externally-managed install_data
