[0.358s] Invoking command in '/home/mohammedazab/myRepo/TriFlameX/firmware/laptop_mainBrain/triFlameX_ros2_pkg': PYTHONPATH=/home/mohammedazab/myRepo/TriFlameX/firmware/laptop_mainBrain/triFlameX_ros2_pkg/build/triFlameX_ros2_pkg/prefix_override:/usr/lib/python3/dist-packages/colcon_core/task/python/colcon_distutils_commands:/home/mohammedazab/myRepo/TriFlameX/firmware/laptop_mainBrain/triFlameX_ros2_pkg/install/triFlameX_ros2_pkg/lib/python3.10/site-packages:${PYTHONPATH} VIRTUAL_ENV_PROMPT=(.venv) /usr/bin/python3 -W ignore:setup.py install is deprecated -W ignore:easy_install command is deprecated setup.py egg_info --egg-base build/triFlameX_ros2_pkg build --build-base /home/mohammedazab/myRepo/TriFlameX/firmware/laptop_mainBrain/triFlameX_ros2_pkg/build/triFlameX_ros2_pkg/build install --record /home/mohammedazab/myRepo/TriFlameX/firmware/laptop_mainBrain/triFlameX_ros2_pkg/build/triFlameX_ros2_pkg/install.log --single-version-externally-managed install_data
[0.503s] running egg_info
[0.503s] writing build/triFlameX_ros2_pkg/triFlameX_ros2_pkg.egg-info/PKG-INFO
[0.503s] writing dependency_links to build/triFlameX_ros2_pkg/triFlameX_ros2_pkg.egg-info/dependency_links.txt
[0.503s] writing entry points to build/triFlameX_ros2_pkg/triFlameX_ros2_pkg.egg-info/entry_points.txt
[0.503s] writing requirements to build/triFlameX_ros2_pkg/triFlameX_ros2_pkg.egg-info/requires.txt
[0.503s] writing top-level names to build/triFlameX_ros2_pkg/triFlameX_ros2_pkg.egg-info/top_level.txt
[0.504s] reading manifest file 'build/triFlameX_ros2_pkg/triFlameX_ros2_pkg.egg-info/SOURCES.txt'
[0.505s] writing manifest file 'build/triFlameX_ros2_pkg/triFlameX_ros2_pkg.egg-info/SOURCES.txt'
[0.505s] running build
[0.505s] running build_py
[0.505s] copying src/joy_to_cmd_node.py -> /home/mohammedazab/myRepo/TriFlameX/firmware/laptop_mainBrain/triFlameX_ros2_pkg/build/triFlameX_ros2_pkg/build/lib/src
[0.505s] copying src/UTIL.py -> /home/mohammedazab/myRepo/TriFlameX/firmware/laptop_mainBrain/triFlameX_ros2_pkg/build/triFlameX_ros2_pkg/build/lib/src
[0.505s] running install
[0.505s] running install_lib
[0.506s] copying /home/mohammedazab/myRepo/TriFlameX/firmware/laptop_mainBrain/triFlameX_ros2_pkg/build/triFlameX_ros2_pkg/build/lib/src/joy_to_cmd_node.py -> /home/mohammedazab/myRepo/TriFlameX/firmware/laptop_mainBrain/triFlameX_ros2_pkg/install/triFlameX_ros2_pkg/lib/python3.10/site-packages/src
[0.506s] copying /home/mohammedazab/myRepo/TriFlameX/firmware/laptop_mainBrain/triFlameX_ros2_pkg/build/triFlameX_ros2_pkg/build/lib/src/UTIL.py -> /home/mohammedazab/myRepo/TriFlameX/firmware/laptop_mainBrain/triFlameX_ros2_pkg/install/triFlameX_ros2_pkg/lib/python3.10/site-packages/src
[0.507s] byte-compiling /home/mohammedazab/myRepo/TriFlameX/firmware/laptop_mainBrain/triFlameX_ros2_pkg/install/triFlameX_ros2_pkg/lib/python3.10/site-packages/src/joy_to_cmd_node.py to joy_to_cmd_node.cpython-310.pyc
[0.507s] byte-compiling /home/mohammedazab/myRepo/TriFlameX/firmware/laptop_mainBrain/triFlameX_ros2_pkg/install/triFlameX_ros2_pkg/lib/python3.10/site-packages/src/UTIL.py to UTIL.cpython-310.pyc
[0.507s] running install_data
[0.507s] running install_egg_info
[0.508s] removing '/home/mohammedazab/myRepo/TriFlameX/firmware/laptop_mainBrain/triFlameX_ros2_pkg/install/triFlameX_ros2_pkg/lib/python3.10/site-packages/triFlameX_ros2_pkg-0.0.0-py3.10.egg-info' (and everything under it)
[0.508s] Copying build/triFlameX_ros2_pkg/triFlameX_ros2_pkg.egg-info to /home/mohammedazab/myRepo/TriFlameX/firmware/laptop_mainBrain/triFlameX_ros2_pkg/install/triFlameX_ros2_pkg/lib/python3.10/site-packages/triFlameX_ros2_pkg-0.0.0-py3.10.egg-info
[0.509s] running install_scripts
[0.521s] Installing joyToCmdNode script to /home/mohammedazab/myRepo/TriFlameX/firmware/laptop_mainBrain/triFlameX_ros2_pkg/install/triFlameX_ros2_pkg/lib/triFlameX_ros2_pkg
[0.521s] writing list of installed files to '/home/mohammedazab/myRepo/TriFlameX/firmware/laptop_mainBrain/triFlameX_ros2_pkg/build/triFlameX_ros2_pkg/install.log'
[0.536s] Invoked command in '/home/mohammedazab/myRepo/TriFlameX/firmware/laptop_mainBrain/triFlameX_ros2_pkg' returned '0': PYTHONPATH=/home/mohammedazab/myRepo/TriFlameX/firmware/laptop_mainBrain/triFlameX_ros2_pkg/build/triFlameX_ros2_pkg/prefix_override:/usr/lib/python3/dist-packages/colcon_core/task/python/colcon_distutils_commands:/home/mohammedazab/myRepo/TriFlameX/firmware/laptop_mainBrain/triFlameX_ros2_pkg/install/triFlameX_ros2_pkg/lib/python3.10/site-packages:${PYTHONPATH} VIRTUAL_ENV_PROMPT=(.venv) /usr/bin/python3 -W ignore:setup.py install is deprecated -W ignore:easy_install command is deprecated setup.py egg_info --egg-base build/triFlameX_ros2_pkg build --build-base /home/mohammedazab/myRepo/TriFlameX/firmware/laptop_mainBrain/triFlameX_ros2_pkg/build/triFlameX_ros2_pkg/build install --record /home/mohammedazab/myRepo/TriFlameX/firmware/laptop_mainBrain/triFlameX_ros2_pkg/build/triFlameX_ros2_pkg/install.log --single-version-externally-managed install_data
