[0.350s] Invoking command in '/home/mohammedazab/myRepo/TriFlameX/firmware/laptop_mainBrain/triflamex_ros2_pkg': PYTHONPATH=/home/mohammedazab/myRepo/TriFlameX/firmware/laptop_mainBrain/triflamex_ros2_pkg/build/triflamex_ros2_pkg/prefix_override:/usr/lib/python3/dist-packages/colcon_core/task/python/colcon_distutils_commands:/home/mohammedazab/myRepo/TriFlameX/firmware/laptop_mainBrain/triflamex_ros2_pkg/install/triflamex_ros2_pkg/lib/python3.10/site-packages:${PYTHONPATH} /usr/bin/python3 -W ignore:setup.py install is deprecated -W ignore:easy_install command is deprecated setup.py egg_info --egg-base build/triflamex_ros2_pkg build --build-base /home/mohammedazab/myRepo/TriFlameX/firmware/laptop_mainBrain/triflamex_ros2_pkg/build/triflamex_ros2_pkg/build install --record /home/mohammedazab/myRepo/TriFlameX/firmware/laptop_mainBrain/triflamex_ros2_pkg/build/triflamex_ros2_pkg/install.log --single-version-externally-managed install_data
[0.483s] running egg_info
[0.484s] writing build/triflamex_ros2_pkg/triflamex_ros2_pkg.egg-info/PKG-INFO
[0.484s] writing dependency_links to build/triflamex_ros2_pkg/triflamex_ros2_pkg.egg-info/dependency_links.txt
[0.484s] writing entry points to build/triflamex_ros2_pkg/triflamex_ros2_pkg.egg-info/entry_points.txt
[0.484s] writing requirements to build/triflamex_ros2_pkg/triflamex_ros2_pkg.egg-info/requires.txt
[0.484s] writing top-level names to build/triflamex_ros2_pkg/triflamex_ros2_pkg.egg-info/top_level.txt
[0.485s] reading manifest file 'build/triflamex_ros2_pkg/triflamex_ros2_pkg.egg-info/SOURCES.txt'
[0.485s] writing manifest file 'build/triflamex_ros2_pkg/triflamex_ros2_pkg.egg-info/SOURCES.txt'
[0.485s] running build
[0.485s] running build_py
[0.485s] running install
[0.486s] running install_lib
[0.487s] running install_data
[0.487s] running install_egg_info
[0.488s] removing '/home/mohammedazab/myRepo/TriFlameX/firmware/laptop_mainBrain/triflamex_ros2_pkg/install/triflamex_ros2_pkg/lib/python3.10/site-packages/triflamex_ros2_pkg-0.0.0-py3.10.egg-info' (and everything under it)
[0.488s] Copying build/triflamex_ros2_pkg/triflamex_ros2_pkg.egg-info to /home/mohammedazab/myRepo/TriFlameX/firmware/laptop_mainBrain/triflamex_ros2_pkg/install/triflamex_ros2_pkg/lib/python3.10/site-packages/triflamex_ros2_pkg-0.0.0-py3.10.egg-info
[0.488s] running install_scripts
[0.500s] Installing joyToCmdNode script to /home/mohammedazab/myRepo/TriFlameX/firmware/laptop_mainBrain/triflamex_ros2_pkg/install/triflamex_ros2_pkg/lib/triflamex_ros2_pkg
[0.500s] writing list of installed files to '/home/mohammedazab/myRepo/TriFlameX/firmware/laptop_mainBrain/triflamex_ros2_pkg/build/triflamex_ros2_pkg/install.log'
[0.516s] Invoked command in '/home/mohammedazab/myRepo/TriFlameX/firmware/laptop_mainBrain/triflamex_ros2_pkg' returned '0': PYTHONPATH=/home/mohammedazab/myRepo/TriFlameX/firmware/laptop_mainBrain/triflamex_ros2_pkg/build/triflamex_ros2_pkg/prefix_override:/usr/lib/python3/dist-packages/colcon_core/task/python/colcon_distutils_commands:/home/mohammedazab/myRepo/TriFlameX/firmware/laptop_mainBrain/triflamex_ros2_pkg/install/triflamex_ros2_pkg/lib/python3.10/site-packages:${PYTHONPATH} /usr/bin/python3 -W ignore:setup.py install is deprecated -W ignore:easy_install command is deprecated setup.py egg_info --egg-base build/triflamex_ros2_pkg build --build-base /home/mohammedazab/myRepo/TriFlameX/firmware/laptop_mainBrain/triflamex_ros2_pkg/build/triflamex_ros2_pkg/build install --record /home/mohammedazab/myRepo/TriFlameX/firmware/laptop_mainBrain/triflamex_ros2_pkg/build/triflamex_ros2_pkg/install.log --single-version-externally-managed install_data
