[0.611s] Invoking command in '/home/mohammedazab/myRepo/TriFlameX/firmware/laptop_mainBrain/triFlameX_ros2_pkg': PYTHONPATH=/home/mohammedazab/myRepo/TriFlameX/firmware/laptop_mainBrain/triFlameX_ros2_pkg/build/triFlameX_ros2_pkg/prefix_override:/usr/lib/python3/dist-packages/colcon_core/task/python/colcon_distutils_commands:/home/mohammedazab/myRepo/TriFlameX/firmware/laptop_mainBrain/triFlameX_ros2_pkg/install/triFlameX_ros2_pkg/lib/python3.10/site-packages:${PYTHONPATH} VIRTUAL_ENV_PROMPT=(.venv) /usr/bin/python3 -W ignore:setup.py install is deprecated -W ignore:easy_install command is deprecated setup.py egg_info --egg-base build/triFlameX_ros2_pkg build --build-base /home/mohammedazab/myRepo/TriFlameX/firmware/laptop_mainBrain/triFlameX_ros2_pkg/build/triFlameX_ros2_pkg/build install --record /home/mohammedazab/myRepo/TriFlameX/firmware/laptop_mainBrain/triFlameX_ros2_pkg/build/triFlameX_ros2_pkg/install.log --single-version-externally-managed install_data
[0.816s] running egg_info
[0.816s] writing build/triFlameX_ros2_pkg/triFlameX_ros2_pkg.egg-info/PKG-INFO
[0.816s] writing dependency_links to build/triFlameX_ros2_pkg/triFlameX_ros2_pkg.egg-info/dependency_links.txt
[0.817s] writing entry points to build/triFlameX_ros2_pkg/triFlameX_ros2_pkg.egg-info/entry_points.txt
[0.818s] writing requirements to build/triFlameX_ros2_pkg/triFlameX_ros2_pkg.egg-info/requires.txt
[0.818s] writing top-level names to build/triFlameX_ros2_pkg/triFlameX_ros2_pkg.egg-info/top_level.txt
[0.820s] reading manifest file 'build/triFlameX_ros2_pkg/triFlameX_ros2_pkg.egg-info/SOURCES.txt'
[0.821s] writing manifest file 'build/triFlameX_ros2_pkg/triFlameX_ros2_pkg.egg-info/SOURCES.txt'
[0.821s] running build
[0.821s] running build_py
[0.822s] copying src/joy_to_cmd_node.py -> /home/mohammedazab/myRepo/TriFlameX/firmware/laptop_mainBrain/triFlameX_ros2_pkg/build/triFlameX_ros2_pkg/build/lib/src
[0.822s] running install
[0.822s] running install_lib
[0.824s] copying /home/mohammedazab/myRepo/TriFlameX/firmware/laptop_mainBrain/triFlameX_ros2_pkg/build/triFlameX_ros2_pkg/build/lib/src/joy_to_cmd_node.py -> /home/mohammedazab/myRepo/TriFlameX/firmware/laptop_mainBrain/triFlameX_ros2_pkg/install/triFlameX_ros2_pkg/lib/python3.10/site-packages/src
[0.824s] byte-compiling /home/mohammedazab/myRepo/TriFlameX/firmware/laptop_mainBrain/triFlameX_ros2_pkg/install/triFlameX_ros2_pkg/lib/python3.10/site-packages/src/joy_to_cmd_node.py to joy_to_cmd_node.cpython-310.pyc
[0.825s] running install_data
[0.826s] running install_egg_info
[0.827s] removing '/home/mohammedazab/myRepo/TriFlameX/firmware/laptop_mainBrain/triFlameX_ros2_pkg/install/triFlameX_ros2_pkg/lib/python3.10/site-packages/triFlameX_ros2_pkg-0.0.0-py3.10.egg-info' (and everything under it)
[0.828s] Copying build/triFlameX_ros2_pkg/triFlameX_ros2_pkg.egg-info to /home/mohammedazab/myRepo/TriFlameX/firmware/laptop_mainBrain/triFlameX_ros2_pkg/install/triFlameX_ros2_pkg/lib/python3.10/site-packages/triFlameX_ros2_pkg-0.0.0-py3.10.egg-info
[0.829s] running install_scripts
[0.851s] Installing joyToCmdNode script to /home/mohammedazab/myRepo/TriFlameX/firmware/laptop_mainBrain/triFlameX_ros2_pkg/install/triFlameX_ros2_pkg/lib/triFlameX_ros2_pkg
[0.851s] writing list of installed files to '/home/mohammedazab/myRepo/TriFlameX/firmware/laptop_mainBrain/triFlameX_ros2_pkg/build/triFlameX_ros2_pkg/install.log'
[0.871s] Invoked command in '/home/mohammedazab/myRepo/TriFlameX/firmware/laptop_mainBrain/triFlameX_ros2_pkg' returned '0': PYTHONPATH=/home/mohammedazab/myRepo/TriFlameX/firmware/laptop_mainBrain/triFlameX_ros2_pkg/build/triFlameX_ros2_pkg/prefix_override:/usr/lib/python3/dist-packages/colcon_core/task/python/colcon_distutils_commands:/home/mohammedazab/myRepo/TriFlameX/firmware/laptop_mainBrain/triFlameX_ros2_pkg/install/triFlameX_ros2_pkg/lib/python3.10/site-packages:${PYTHONPATH} VIRTUAL_ENV_PROMPT=(.venv) /usr/bin/python3 -W ignore:setup.py install is deprecated -W ignore:easy_install command is deprecated setup.py egg_info --egg-base build/triFlameX_ros2_pkg build --build-base /home/mohammedazab/myRepo/TriFlameX/firmware/laptop_mainBrain/triFlameX_ros2_pkg/build/triFlameX_ros2_pkg/build install --record /home/mohammedazab/myRepo/TriFlameX/firmware/laptop_mainBrain/triFlameX_ros2_pkg/build/triFlameX_ros2_pkg/install.log --single-version-externally-managed install_data
