[0.505s] Invoking command in '/home/mohammedazab/myRepo/TriFlameX/firmware/laptop_mainBrain/triFlameX_ros2_pkg': PYTHONPATH=/home/mohammedazab/myRepo/TriFlameX/firmware/laptop_mainBrain/triFlameX_ros2_pkg/build/triFlameX_ros2_pkg/prefix_override:/usr/lib/python3/dist-packages/colcon_core/task/python/colcon_distutils_commands:/home/mohammedazab/myRepo/TriFlameX/firmware/laptop_mainBrain/triFlameX_ros2_pkg/install/triFlameX_ros2_pkg/lib/python3.10/site-packages:${PYTHONPATH} VIRTUAL_ENV_PROMPT=(.venv) /usr/bin/python3 -W ignore:setup.py install is deprecated -W ignore:easy_install command is deprecated setup.py egg_info --egg-base build/triFlameX_ros2_pkg build --build-base /home/mohammedazab/myRepo/TriFlameX/firmware/laptop_mainBrain/triFlameX_ros2_pkg/build/triFlameX_ros2_pkg/build install --record /home/mohammedazab/myRepo/TriFlameX/firmware/laptop_mainBrain/triFlameX_ros2_pkg/build/triFlameX_ros2_pkg/install.log --single-version-externally-managed install_data
[0.780s] running egg_info
[0.780s] writing build/triFlameX_ros2_pkg/triFlameX_ros2_pkg.egg-info/PKG-INFO
[0.780s] writing dependency_links to build/triFlameX_ros2_pkg/triFlameX_ros2_pkg.egg-info/dependency_links.txt
[0.780s] writing entry points to build/triFlameX_ros2_pkg/triFlameX_ros2_pkg.egg-info/entry_points.txt
[0.781s] writing requirements to build/triFlameX_ros2_pkg/triFlameX_ros2_pkg.egg-info/requires.txt
[0.781s] writing top-level names to build/triFlameX_ros2_pkg/triFlameX_ros2_pkg.egg-info/top_level.txt
[0.782s] reading manifest file 'build/triFlameX_ros2_pkg/triFlameX_ros2_pkg.egg-info/SOURCES.txt'
[0.782s] writing manifest file 'build/triFlameX_ros2_pkg/triFlameX_ros2_pkg.egg-info/SOURCES.txt'
[0.782s] running build
[0.782s] running build_py
[0.782s] running install
[0.783s] running install_lib
[0.784s] running install_data
[0.784s] running install_egg_info
[0.785s] removing '/home/mohammedazab/myRepo/TriFlameX/firmware/laptop_mainBrain/triFlameX_ros2_pkg/install/triFlameX_ros2_pkg/lib/python3.10/site-packages/triFlameX_ros2_pkg-0.0.0-py3.10.egg-info' (and everything under it)
[0.785s] Copying build/triFlameX_ros2_pkg/triFlameX_ros2_pkg.egg-info to /home/mohammedazab/myRepo/TriFlameX/firmware/laptop_mainBrain/triFlameX_ros2_pkg/install/triFlameX_ros2_pkg/lib/python3.10/site-packages/triFlameX_ros2_pkg-0.0.0-py3.10.egg-info
[0.786s] running install_scripts
[0.800s] Installing joyToCmdNode script to /home/mohammedazab/myRepo/TriFlameX/firmware/laptop_mainBrain/triFlameX_ros2_pkg/install/triFlameX_ros2_pkg/lib/triFlameX_ros2_pkg
[0.800s] writing list of installed files to '/home/mohammedazab/myRepo/TriFlameX/firmware/laptop_mainBrain/triFlameX_ros2_pkg/build/triFlameX_ros2_pkg/install.log'
[0.817s] Invoked command in '/home/mohammedazab/myRepo/TriFlameX/firmware/laptop_mainBrain/triFlameX_ros2_pkg' returned '0': PYTHONPATH=/home/mohammedazab/myRepo/TriFlameX/firmware/laptop_mainBrain/triFlameX_ros2_pkg/build/triFlameX_ros2_pkg/prefix_override:/usr/lib/python3/dist-packages/colcon_core/task/python/colcon_distutils_commands:/home/mohammedazab/myRepo/TriFlameX/firmware/laptop_mainBrain/triFlameX_ros2_pkg/install/triFlameX_ros2_pkg/lib/python3.10/site-packages:${PYTHONPATH} VIRTUAL_ENV_PROMPT=(.venv) /usr/bin/python3 -W ignore:setup.py install is deprecated -W ignore:easy_install command is deprecated setup.py egg_info --egg-base build/triFlameX_ros2_pkg build --build-base /home/mohammedazab/myRepo/TriFlameX/firmware/laptop_mainBrain/triFlameX_ros2_pkg/build/triFlameX_ros2_pkg/build install --record /home/mohammedazab/myRepo/TriFlameX/firmware/laptop_mainBrain/triFlameX_ros2_pkg/build/triFlameX_ros2_pkg/install.log --single-version-externally-managed install_data
