running egg_info
writing build/triflamex_ros2_pkg/triflamex_ros2_pkg.egg-info/PKG-INFO
writing dependency_links to build/triflamex_ros2_pkg/triflamex_ros2_pkg.egg-info/dependency_links.txt
writing entry points to build/triflamex_ros2_pkg/triflamex_ros2_pkg.egg-info/entry_points.txt
writing requirements to build/triflamex_ros2_pkg/triflamex_ros2_pkg.egg-info/requires.txt
writing top-level names to build/triflamex_ros2_pkg/triflamex_ros2_pkg.egg-info/top_level.txt
reading manifest file 'build/triflamex_ros2_pkg/triflamex_ros2_pkg.egg-info/SOURCES.txt'
writing manifest file 'build/triflamex_ros2_pkg/triflamex_ros2_pkg.egg-info/SOURCES.txt'
running build
running build_py
copying triflamex_ros2_pkg/UTIL.py -> /home/mohammedazab/myRepo/TriFlameX/firmware/laptop_mainBrain/triflamex_ros2_pkg/build/triflamex_ros2_pkg/build/lib/triflamex_ros2_pkg
running install
running install_lib
copying /home/mohammedazab/myRepo/TriFlameX/firmware/laptop_mainBrain/triflamex_ros2_pkg/build/triflamex_ros2_pkg/build/lib/triflamex_ros2_pkg/UTIL.py -> /home/mohammedazab/myRepo/TriFlameX/firmware/laptop_mainBrain/triflamex_ros2_pkg/install/triflamex_ros2_pkg/lib/python3.10/site-packages/triflamex_ros2_pkg
byte-compiling /home/mohammedazab/myRepo/TriFlameX/firmware/laptop_mainBrain/triflamex_ros2_pkg/install/triflamex_ros2_pkg/lib/python3.10/site-packages/triflamex_ros2_pkg/UTIL.py to UTIL.cpython-310.pyc
running install_data
running install_egg_info
removing '/home/mohammedazab/myRepo/TriFlameX/firmware/laptop_mainBrain/triflamex_ros2_pkg/install/triflamex_ros2_pkg/lib/python3.10/site-packages/triflamex_ros2_pkg-0.0.0-py3.10.egg-info' (and everything under it)
Copying build/triflamex_ros2_pkg/triflamex_ros2_pkg.egg-info to /home/mohammedazab/myRepo/TriFlameX/firmware/laptop_mainBrain/triflamex_ros2_pkg/install/triflamex_ros2_pkg/lib/python3.10/site-packages/triflamex_ros2_pkg-0.0.0-py3.10.egg-info
running install_scripts
Installing joyToCmdNode script to /home/mohammedazab/myRepo/TriFlameX/firmware/laptop_mainBrain/triflamex_ros2_pkg/install/triflamex_ros2_pkg/lib/triflamex_ros2_pkg
writing list of installed files to '/home/mohammedazab/myRepo/TriFlameX/firmware/laptop_mainBrain/triflamex_ros2_pkg/build/triflamex_ros2_pkg/install.log'
